==4091== Invalid read of size 4
==4091==    at 0x109363: printFloatCells (in /home/bdi/SD/hw1-2/tema1)
==4091==    by 0x1094EC: printFloatLines (in /home/bdi/SD/hw1-2/tema1)
==4091==    by 0x109618: printDB (in /home/bdi/SD/hw1-2/tema1)
==4091==    by 0x10AE81: main (in /home/bdi/SD/hw1-2/tema1)
==4091==  Address 0x522e230 is 0 bytes inside a block of size 16 free'd
==4091==    at 0x4C30D3B: free (in /usr/lib/valgrind/vgpreload_memcheck-amd64-linux.so)
==4091==    by 0x10A255: addTable (in /home/bdi/SD/hw1-2/tema1)
==4091==    by 0x10B288: main (in /home/bdi/SD/hw1-2/tema1)
==4091==  Block was alloc'd at
==4091==    at 0x4C2FB0F: malloc (in /usr/lib/valgrind/vgpreload_memcheck-amd64-linux.so)
==4091==    by 0x10A1AA: addTable (in /home/bdi/SD/hw1-2/tema1)
==4091==    by 0x10B288: main (in /home/bdi/SD/hw1-2/tema1)
==4091== 
==4091== Invalid read of size 4
==4091==    at 0x10937B: printFloatCells (in /home/bdi/SD/hw1-2/tema1)
==4091==    by 0x1094EC: printFloatLines (in /home/bdi/SD/hw1-2/tema1)
==4091==    by 0x109618: printDB (in /home/bdi/SD/hw1-2/tema1)
==4091==    by 0x10AE81: main (in /home/bdi/SD/hw1-2/tema1)
==4091==  Address 0x522e230 is 0 bytes inside a block of size 16 free'd
==4091==    at 0x4C30D3B: free (in /usr/lib/valgrind/vgpreload_memcheck-amd64-linux.so)
==4091==    by 0x10A255: addTable (in /home/bdi/SD/hw1-2/tema1)
==4091==    by 0x10B288: main (in /home/bdi/SD/hw1-2/tema1)
==4091==  Block was alloc'd at
==4091==    at 0x4C2FB0F: malloc (in /usr/lib/valgrind/vgpreload_memcheck-amd64-linux.so)
==4091==    by 0x10A1AA: addTable (in /home/bdi/SD/hw1-2/tema1)
==4091==    by 0x10B288: main (in /home/bdi/SD/hw1-2/tema1)
==4091== 
==4091== Invalid read of size 8
==4091==    at 0x1093BC: printFloatCells (in /home/bdi/SD/hw1-2/tema1)
==4091==    by 0x1094EC: printFloatLines (in /home/bdi/SD/hw1-2/tema1)
==4091==    by 0x109618: printDB (in /home/bdi/SD/hw1-2/tema1)
==4091==    by 0x10AE81: main (in /home/bdi/SD/hw1-2/tema1)
==4091==  Address 0x522e238 is 8 bytes inside a block of size 16 free'd
==4091==    at 0x4C30D3B: free (in /usr/lib/valgrind/vgpreload_memcheck-amd64-linux.so)
==4091==    by 0x10A255: addTable (in /home/bdi/SD/hw1-2/tema1)
==4091==    by 0x10B288: main (in /home/bdi/SD/hw1-2/tema1)
==4091==  Block was alloc'd at
==4091==    at 0x4C2FB0F: malloc (in /usr/lib/valgrind/vgpreload_memcheck-amd64-linux.so)
==4091==    by 0x10A1AA: addTable (in /home/bdi/SD/hw1-2/tema1)
==4091==    by 0x10B288: main (in /home/bdi/SD/hw1-2/tema1)
==4091== 
==4091== Conditional jump or move depends on uninitialised value(s)
==4091==    at 0x1094FE: printFloatLines (in /home/bdi/SD/hw1-2/tema1)
==4091==    by 0x109618: printDB (in /home/bdi/SD/hw1-2/tema1)
==4091==    by 0x10AE81: main (in /home/bdi/SD/hw1-2/tema1)
==4091== 
==4091== Conditional jump or move depends on uninitialised value(s)
==4091==    at 0x109FBF: addTable (in /home/bdi/SD/hw1-2/tema1)
==4091==    by 0x10B288: main (in /home/bdi/SD/hw1-2/tema1)
==4091== 
==4091== Invalid read of size 8
==4091==    at 0x108DFD: deleteIntCells (in /home/bdi/SD/hw1-2/tema1)
==4091==    by 0x108E74: deleteIntLines (in /home/bdi/SD/hw1-2/tema1)
==4091==    by 0x10908C: deleteTable (in /home/bdi/SD/hw1-2/tema1)
==4091==    by 0x10916B: deleteDB (in /home/bdi/SD/hw1-2/tema1)
==4091==    by 0x10B368: main (in /home/bdi/SD/hw1-2/tema1)
==4091==  Address 0x522e8c8 is 8 bytes inside a block of size 16 free'd
==4091==    at 0x4C30D3B: free (in /usr/lib/valgrind/vgpreload_memcheck-amd64-linux.so)
==4091==    by 0x10A042: addTable (in /home/bdi/SD/hw1-2/tema1)
==4091==    by 0x10B288: main (in /home/bdi/SD/hw1-2/tema1)
==4091==  Block was alloc'd at
==4091==    at 0x4C2FB0F: malloc (in /usr/lib/valgrind/vgpreload_memcheck-amd64-linux.so)
==4091==    by 0x109F72: addTable (in /home/bdi/SD/hw1-2/tema1)
==4091==    by 0x10B288: main (in /home/bdi/SD/hw1-2/tema1)
==4091== 
==4091== Invalid free() / delete / delete[] / realloc()
==4091==    at 0x4C30D3B: free (in /usr/lib/valgrind/vgpreload_memcheck-amd64-linux.so)
==4091==    by 0x108E17: deleteIntCells (in /home/bdi/SD/hw1-2/tema1)
==4091==    by 0x108E74: deleteIntLines (in /home/bdi/SD/hw1-2/tema1)
==4091==    by 0x10908C: deleteTable (in /home/bdi/SD/hw1-2/tema1)
==4091==    by 0x10916B: deleteDB (in /home/bdi/SD/hw1-2/tema1)
==4091==    by 0x10B368: main (in /home/bdi/SD/hw1-2/tema1)
==4091==  Address 0x522e8c0 is 0 bytes inside a block of size 16 free'd
==4091==    at 0x4C30D3B: free (in /usr/lib/valgrind/vgpreload_memcheck-amd64-linux.so)
==4091==    by 0x10A042: addTable (in /home/bdi/SD/hw1-2/tema1)
==4091==    by 0x10B288: main (in /home/bdi/SD/hw1-2/tema1)
==4091==  Block was alloc'd at
==4091==    at 0x4C2FB0F: malloc (in /usr/lib/valgrind/vgpreload_memcheck-amd64-linux.so)
==4091==    by 0x109F72: addTable (in /home/bdi/SD/hw1-2/tema1)
==4091==    by 0x10B288: main (in /home/bdi/SD/hw1-2/tema1)
==4091== 
==4091== Conditional jump or move depends on uninitialised value(s)
==4091==    at 0x108E86: deleteIntLines (in /home/bdi/SD/hw1-2/tema1)
==4091==    by 0x10908C: deleteTable (in /home/bdi/SD/hw1-2/tema1)
==4091==    by 0x10916B: deleteDB (in /home/bdi/SD/hw1-2/tema1)
==4091==    by 0x10B368: main (in /home/bdi/SD/hw1-2/tema1)
==4091== 
==4091== 120 (64 direct, 56 indirect) bytes in 1 blocks are definitely lost in loss record 3 of 3
==4091==    at 0x4C31B25: calloc (in /usr/lib/valgrind/vgpreload_memcheck-amd64-linux.so)
==4091==    by 0x108C49: createTable (in /home/bdi/SD/hw1-2/tema1)
==4091==    by 0x10AB08: main (in /home/bdi/SD/hw1-2/tema1)
==4091== 
